  EndMenu.cpp
  Game.cpp
D:\GitHub Files\SnakeSimulator\ConsoleApplication1\ConsoleApplication1\Terrain.h(13,39): warning C4244: '引數': 將 'int' 轉換為 'float'，由於類型不同，可能導致資料遺失
D:\GitHub Files\SnakeSimulator\ConsoleApplication1\ConsoleApplication1\Terrain.h(13,27): warning C4244: '引數': 將 'int' 轉換為 'float'，由於類型不同，可能導致資料遺失
D:\GitHub Files\SnakeSimulator\ConsoleApplication1\ConsoleApplication1\Terrain.h(22,35): warning C4244: '引數': 將 'int' 轉換為 'float'，由於類型不同，可能導致資料遺失
D:\GitHub Files\SnakeSimulator\ConsoleApplication1\ConsoleApplication1\Terrain.h(22,28): warning C4244: '引數': 將 'int' 轉換為 'float'，由於類型不同，可能導致資料遺失
  GameState.cpp
D:\GitHub Files\SnakeSimulator\ConsoleApplication1\ConsoleApplication1\Terrain.h(13,39): warning C4244: '引數': 將 'int' 轉換為 'float'，由於類型不同，可能導致資料遺失
D:\GitHub Files\SnakeSimulator\ConsoleApplication1\ConsoleApplication1\Terrain.h(13,27): warning C4244: '引數': 將 'int' 轉換為 'float'，由於類型不同，可能導致資料遺失
D:\GitHub Files\SnakeSimulator\ConsoleApplication1\ConsoleApplication1\Terrain.h(22,35): warning C4244: '引數': 將 'int' 轉換為 'float'，由於類型不同，可能導致資料遺失
D:\GitHub Files\SnakeSimulator\ConsoleApplication1\ConsoleApplication1\Terrain.h(22,28): warning C4244: '引數': 將 'int' 轉換為 'float'，由於類型不同，可能導致資料遺失
D:\GitHub Files\SnakeSimulator\ConsoleApplication1\ConsoleApplication1\GameState.cpp(120,31): warning C4267: '正在初始化': 將 'size_t' 轉換為 'int'，資料可能遺失
  main.cpp
D:\GitHub Files\SnakeSimulator\ConsoleApplication1\ConsoleApplication1\Terrain.h(13,39): warning C4244: '引數': 將 'int' 轉換為 'float'，由於類型不同，可能導致資料遺失
D:\GitHub Files\SnakeSimulator\ConsoleApplication1\ConsoleApplication1\Terrain.h(13,27): warning C4244: '引數': 將 'int' 轉換為 'float'，由於類型不同，可能導致資料遺失
D:\GitHub Files\SnakeSimulator\ConsoleApplication1\ConsoleApplication1\Terrain.h(22,35): warning C4244: '引數': 將 'int' 轉換為 'float'，由於類型不同，可能導致資料遺失
D:\GitHub Files\SnakeSimulator\ConsoleApplication1\ConsoleApplication1\Terrain.h(22,28): warning C4244: '引數': 將 'int' 轉換為 'float'，由於類型不同，可能導致資料遺失
  SfSnake.cpp
D:\GitHub Files\SnakeSimulator\ConsoleApplication1\ConsoleApplication1\SfSnake.cpp(24,102): warning C4244: '引數': 將 'int' 轉換為 'float'，由於類型不同，可能導致資料遺失
D:\GitHub Files\SnakeSimulator\ConsoleApplication1\ConsoleApplication1\SfSnake.cpp(24,62): warning C4244: '引數': 將 'int' 轉換為 'float'，由於類型不同，可能導致資料遺失
D:\GitHub Files\SnakeSimulator\ConsoleApplication1\ConsoleApplication1\SfSnake.cpp(35,122): warning C4244: '引數': 將 'int' 轉換為 'float'，由於類型不同，可能導致資料遺失
D:\GitHub Files\SnakeSimulator\ConsoleApplication1\ConsoleApplication1\SfSnake.cpp(35,72): warning C4244: '引數': 將 'int' 轉換為 'float'，由於類型不同，可能導致資料遺失
  Snake.cpp
  State.cpp
  正在產生程式碼...
D:\GitHub Files\SnakeSimulator\ConsoleApplication1\ConsoleApplication1\GameState.cpp(313): warning C4715: 'GameState::generate_map': 不是所有控制路徑都傳回值
sfml-graphics-d.lib(sfml-graphics-d-2.dll) : fatal error LNK1112: 模組電腦類型 'x86' 與目標電腦類型 'x64' 衝突
